0 info it worked if it ends with ok
1 verbose cli [ 'C:\\Program Files (x86)\\nodejs\\node.exe',
1 verbose cli   'C:\\Program Files (x86)\\nodejs\\node_modules\\npm\\bin\\npm-cli.js',
1 verbose cli   'run',
1 verbose cli   'test' ]
2 info using npm@3.6.0
3 info using node@v5.6.0
4 verbose run-script [ 'pretest', 'test', 'posttest' ]
5 info lifecycle ejercicios-javascript@1.0.0~pretest: ejercicios-javascript@1.0.0
6 silly lifecycle ejercicios-javascript@1.0.0~pretest: no script for pretest, continuing
7 info lifecycle ejercicios-javascript@1.0.0~test: ejercicios-javascript@1.0.0
8 verbose lifecycle ejercicios-javascript@1.0.0~test: unsafe-perm in lifecycle true
9 verbose lifecycle ejercicios-javascript@1.0.0~test: PATH: C:\Program Files (x86)\nodejs\node_modules\npm\bin\node-gyp-bin;C:\ejercicios-javascript\node_modules\.bin;C:\Ruby23-x64\bin;C:\Program Files (x86)\NVIDIA Corporation\PhysX\Common;C:\Program Files (x86)\Intel\iCLS Client\;C:\Program Files\Intel\iCLS Client\;C:\Windows\system32;C:\Windows;C:\Windows\System32\Wbem;C:\Windows\System32\WindowsPowerShell\v1.0\;C:\Program Files\Microsoft SQL Server\110\Tools\Binn\;C:\Program Files\Microsoft\Web Platform Installer\;C:\Program Files (x86)\Microsoft SDKs\Windows Azure\CLI\wbin;C:\Program Files\Microsoft SQL Server\Client SDK\ODBC\110\Tools\Binn\;C:\Program Files (x86)\Microsoft;C:\Program Files (x86)\Windows Kits\8.0\bin\x64;C:\Program Files (x86)\Microsoft SDKs\Windows\v7.1A\Bin;C:\Users\Franco\AppData\Roaming\npm;C:\Program Files (x86)\nodejs;c:\cmd;C:\Program Files (x86)\MSBuild\12.0\Bin;C:\Program Files (x86)\NuGet;C:\Program Files\7-Zip;C:\Program Files (x86)\apache-ant-1.9.4\bin;C:\Program Files (x86)\nant-0.92\bin;C:\Program Files (x86)\apache-maven-3.2.2\bin;C:\play-1.2.4;C:\grails-2.2.4\bin;C:\Users\Anita\.dnx\bin;C:\Program Files\Microsoft DNX\Dnvm\;C:\WINDOWS\system32;C:\WINDOWS;C:\WINDOWS\System32\Wbem;C:\WINDOWS\System32\WindowsPowerShell\v1.0\;C:\Program Files\Java\jdk1.8.0_65\bin;C:\Program Files (x86)\Windows Kits\10\Windows Performance Toolkit\;C:\Program Files (x86)\Microsoft Emulator Manager\1.0\;C:\Program Files (x86)\ATI Technologies\ATI.ACE\Core-Static;C:\Program Files\Git\cmd;C:\Program Files (x86)\nodejs\;C:\Program Files\cURL\bin;C:\Program Files (x86)\MySQL\MySQL Fabric 1.5 & MySQL Utilities 1.5\;C:\Program Files (x86)\MySQL\MySQL Fabric 1.5 & MySQL Utilities 1.5\Doctrine extensions for PHP\;C:\Program Files\Microsoft SQL Server\120\Tools\Binn\;C:\Program Files (x86)\Microsoft SQL Server\120\Tools\Binn\ManagementStudio\;C:\Program Files (x86)\Microsoft SQL Server\120\Tools\Binn\;C:\Program Files (x86)\Microsoft SQL Server\120\DTS\Binn\;C:\Program Files\Microsoft SQL Server\120\DTS\Binn\;C:\Program Files (x86)\Skype\Phone\;C:\Users\Anita\AppData\Roaming\npm;C:\Program Files (x86)\Microsoft VS Code\bin;C:\Users\Anita\AppData\Local\Microsoft\WindowsApps
10 verbose lifecycle ejercicios-javascript@1.0.0~test: CWD: C:\ejercicios-javascript
11 silly lifecycle ejercicios-javascript@1.0.0~test: Args: [ '/d /s /c', 'mocha /test/**.js' ]
12 silly lifecycle ejercicios-javascript@1.0.0~test: Returned: code: 1  signal: null
13 info lifecycle ejercicios-javascript@1.0.0~test: Failed to exec test script
14 verbose stack Error: ejercicios-javascript@1.0.0 test: `mocha /test/**.js`
14 verbose stack Exit status 1
14 verbose stack     at EventEmitter.<anonymous> (C:\Program Files (x86)\nodejs\node_modules\npm\lib\utils\lifecycle.js:232:16)
14 verbose stack     at emitTwo (events.js:100:13)
14 verbose stack     at EventEmitter.emit (events.js:185:7)
14 verbose stack     at ChildProcess.<anonymous> (C:\Program Files (x86)\nodejs\node_modules\npm\lib\utils\spawn.js:24:14)
14 verbose stack     at emitTwo (events.js:100:13)
14 verbose stack     at ChildProcess.emit (events.js:185:7)
14 verbose stack     at maybeClose (internal/child_process.js:827:16)
14 verbose stack     at Process.ChildProcess._handle.onexit (internal/child_process.js:211:5)
15 verbose pkgid ejercicios-javascript@1.0.0
16 verbose cwd C:\ejercicios-javascript
17 error Windows_NT 10.0.14393
18 error argv "C:\\Program Files (x86)\\nodejs\\node.exe" "C:\\Program Files (x86)\\nodejs\\node_modules\\npm\\bin\\npm-cli.js" "run" "test"
19 error node v5.6.0
20 error npm  v3.6.0
21 error code ELIFECYCLE
22 error ejercicios-javascript@1.0.0 test: `mocha /test/**.js`
22 error Exit status 1
23 error Failed at the ejercicios-javascript@1.0.0 test script 'mocha /test/**.js'.
23 error Make sure you have the latest version of node.js and npm installed.
23 error If you do, this is most likely a problem with the ejercicios-javascript package,
23 error not with npm itself.
23 error Tell the author that this fails on your system:
23 error     mocha /test/**.js
23 error You can get information on how to open an issue for this project with:
23 error     npm bugs ejercicios-javascript
23 error Or if that isn't available, you can get their info via:
23 error     npm owner ls ejercicios-javascript
23 error There is likely additional logging output above.
24 verbose exit [ 1, true ]
